60 READ 500 Virtual Addr 0 500 Physical Addr 20 500
66 WRITE 1500 Virtual Addr 1 476 Physical Addr 14 476
66 -------------------------------------
66 Running WRITESEQ Num 100 CdAdr 3000 DtAdr 3001 Inc 100
70 READ 3000 Virtual Addr 2 952 Physical Addr 11 952
78 WRITE 3001 Virtual Addr 2 953 Physical Addr 11 953
82 READ 3000 Virtual Addr 2 952 Physical Addr 11 952
91 WRITE 3101 Virtual Addr 3 29 Physical Addr 24 29
97 READ 3000 Virtual Addr 2 952 Physical Addr 11 952
101 WRITE 3201 Virtual Addr 3 129 Physical Addr 24 129
110 READ 3000 Virtual Addr 2 952 Physical Addr 11 952
112 WRITE 3301 Virtual Addr 3 229 Physical Addr 24 229
120 READ 3000 Virtual Addr 2 952 Physical Addr 11 952
122 WRITE 3401 Virtual Addr 3 329 Physical Addr 24 329
123 READ 3000 Virtual Addr 2 952 Physical Addr 11 952
128 WRITE 3501 Virtual Addr 3 429 Physical Addr 24 429
131 READ 3000 Virtual Addr 2 952 Physical Addr 11 952
134 WRITE 3601 Virtual Addr 3 529 Physical Addr 24 529
138 READ 3000 Virtual Addr 2 952 Physical Addr 11 952
144 WRITE 3701 Virtual Addr 3 629 Physical Addr 24 629
147 READ 3000 Virtual Addr 2 952 Physical Addr 11 952
148 WRITE 3801 Virtual Addr 3 729 Physical Addr 24 729
149 READ 3000 Virtual Addr 2 952 Physical Addr 11 952
150 WRITE 3901 Virtual Addr 3 829 Physical Addr 24 829
153 READ 3000 Virtual Addr 2 952 Physical Addr 11 952
162 WRITE 4001 Virtual Addr 3 929 Physical Addr 24 929
168 READ 3000 Virtual Addr 2 952 Physical Addr 11 952
172 WRITE 4101 Virtual Addr 4 5 Physical Addr 22 5
175 READ 3000 Virtual Addr 2 952 Physical Addr 11 952
179 WRITE 4201 Virtual Addr 4 105 Physical Addr 22 105
185 READ 3000 Virtual Addr 2 952 Physical Addr 11 952
193 WRITE 4301 Virtual Addr 4 205 Physical Addr 22 205
200 READ 3000 Virtual Addr 2 952 Physical Addr 11 952
201 WRITE 4401 Virtual Addr 4 305 Physical Addr 22 305
206 READ 3000 Virtual Addr 2 952 Physical Addr 11 952
210 WRITE 4501 Virtual Addr 4 405 Physical Addr 22 405
216 READ 3000 Virtual Addr 2 952 Physical Addr 11 952
224 WRITE 4601 Virtual Addr 4 505 Physical Addr 22 505
232 READ 3000 Virtual Addr 2 952 Physical Addr 11 952
242 WRITE 4701 Virtual Addr 4 605 Physical Addr 22 605
244 READ 3000 Virtual Addr 2 952 Physical Addr 11 952
254 WRITE 4801 Virtual Addr 4 705 Physical Addr 22 705
260 READ 3000 Virtual Addr 2 952 Physical Addr 11 952
262 WRITE 4901 Virtual Addr 4 805 Physical Addr 22 805
263 READ 3000 Virtual Addr 2 952 Physical Addr 11 952
266 WRITE 5001 Virtual Addr 4 905 Physical Addr 22 905
275 READ 3000 Virtual Addr 2 952 Physical Addr 11 952
278 WRITE 5101 Virtual Addr 4 1005 Physical Addr 22 1005
285 READ 3000 Virtual Addr 2 952 Physical Addr 11 952
291 WRITE 5201 Virtual Addr 5 81 Physical Addr 0 81
294 READ 3000 Virtual Addr 2 952 Physical Addr 11 952
300 WRITE 5301 Virtual Addr 5 181 Physical Addr 0 181
308 READ 3000 Virtual Addr 2 952 Physical Addr 11 952
314 WRITE 5401 Virtual Addr 5 281 Physical Addr 0 281
324 READ 3000 Virtual Addr 2 952 Physical Addr 11 952
326 WRITE 5501 Virtual Addr 5 381 Physical Addr 0 381
336 READ 3000 Virtual Addr 2 952 Physical Addr 11 952
341 WRITE 5601 Virtual Addr 5 481 Physical Addr 0 481
349 READ 3000 Virtual Addr 2 952 Physical Addr 11 952
355 WRITE 5701 Virtual Addr 5 581 Physical Addr 0 581
361 READ 3000 Virtual Addr 2 952 Physical Addr 11 952
370 WRITE 5801 Virtual Addr 5 681 Physical Addr 0 681
376 READ 3000 Virtual Addr 2 952 Physical Addr 11 952
382 WRITE 5901 Virtual Addr 5 781 Physical Addr 0 781
384 READ 3000 Virtual Addr 2 952 Physical Addr 11 952
393 WRITE 6001 Virtual Addr 5 881 Physical Addr 0 881
396 READ 3000 Virtual Addr 2 952 Physical Addr 11 952
404 WRITE 6101 Virtual Addr 5 981 Physical Addr 0 981
408 READ 3000 Virtual Addr 2 952 Physical Addr 11 952
409 WRITE 6201 Virtual Addr 6 57 Physical Addr 1 57
416 READ 3000 Virtual Addr 2 952 Physical Addr 11 952
424 WRITE 6301 Virtual Addr 6 157 Physical Addr 1 157
431 READ 3000 Virtual Addr 2 952 Physical Addr 11 952
441 WRITE 6401 Virtual Addr 6 257 Physical Addr 1 257
442 READ 3000 Virtual Addr 2 952 Physical Addr 11 952
447 WRITE 6501 Virtual Addr 6 357 Physical Addr 1 357
448 READ 3000 Virtual Addr 2 952 Physical Addr 11 952
453 WRITE 6601 Virtual Addr 6 457 Physical Addr 1 457
457 READ 3000 Virtual Addr 2 952 Physical Addr 11 952
466 WRITE 6701 Virtual Addr 6 557 Physical Addr 1 557
470 READ 3000 Virtual Addr 2 952 Physical Addr 11 952
479 WRITE 6801 Virtual Addr 6 657 Physical Addr 1 657
485 READ 3000 Virtual Addr 2 952 Physical Addr 11 952
486 WRITE 6901 Virtual Addr 6 757 Physical Addr 1 757
493 READ 3000 Virtual Addr 2 952 Physical Addr 11 952
496 WRITE 7001 Virtual Addr 6 857 Physical Addr 1 857
501 READ 3000 Virtual Addr 2 952 Physical Addr 11 952
507 WRITE 7101 Virtual Addr 6 957 Physical Addr 1 957
508 READ 3000 Virtual Addr 2 952 Physical Addr 11 952
513 WRITE 7201 Virtual Addr 7 33 Physical Addr 31 33
521 READ 3000 Virtual Addr 2 952 Physical Addr 11 952
523 WRITE 7301 Virtual Addr 7 133 Physical Addr 31 133
526 READ 3000 Virtual Addr 2 952 Physical Addr 11 952
532 WRITE 7401 Virtual Addr 7 233 Physical Addr 31 233
541 READ 3000 Virtual Addr 2 952 Physical Addr 11 952
543 WRITE 7501 Virtual Addr 7 333 Physical Addr 31 333
547 READ 3000 Virtual Addr 2 952 Physical Addr 11 952
548 WRITE 7601 Virtual Addr 7 433 Physical Addr 31 433
556 READ 3000 Virtual Addr 2 952 Physical Addr 11 952
566 WRITE 7701 Virtual Addr 7 533 Physical Addr 31 533
570 READ 3000 Virtual Addr 2 952 Physical Addr 11 952
575 WRITE 7801 Virtual Addr 7 633 Physical Addr 31 633
585 READ 3000 Virtual Addr 2 952 Physical Addr 11 952
591 WRITE 7901 Virtual Addr 7 733 Physical Addr 31 733
593 READ 3000 Virtual Addr 2 952 Physical Addr 11 952
595 WRITE 8001 Virtual Addr 7 833 Physical Addr 31 833
597 READ 3000 Virtual Addr 2 952 Physical Addr 11 952
599 WRITE 8101 Virtual Addr 7 933 Physical Addr 31 933
608 READ 3000 Virtual Addr 2 952 Physical Addr 11 952
618 WRITE 8201 Virtual Addr 8 9 Physical Addr 30 9
622 READ 3000 Virtual Addr 2 952 Physical Addr 11 952
626 WRITE 8301 Virtual Addr 8 109 Physical Addr 30 109
628 READ 3000 Virtual Addr 2 952 Physical Addr 11 952
634 WRITE 8401 Virtual Addr 8 209 Physical Addr 30 209
640 READ 3000 Virtual Addr 2 952 Physical Addr 11 952
649 WRITE 8501 Virtual Addr 8 309 Physical Addr 30 309
659 READ 3000 Virtual Addr 2 952 Physical Addr 11 952
665 WRITE 8601 Virtual Addr 8 409 Physical Addr 30 409
669 READ 3000 Virtual Addr 2 952 Physical Addr 11 952
675 WRITE 8701 Virtual Addr 8 509 Physical Addr 30 509
683 READ 3000 Virtual Addr 2 952 Physical Addr 11 952
693 WRITE 8801 Virtual Addr 8 609 Physical Addr 30 609
698 READ 3000 Virtual Addr 2 952 Physical Addr 11 952
705 WRITE 8901 Virtual Addr 8 709 Physical Addr 30 709
711 READ 3000 Virtual Addr 2 952 Physical Addr 11 952
719 WRITE 9001 Virtual Addr 8 809 Physical Addr 30 809
721 READ 3000 Virtual Addr 2 952 Physical Addr 11 952
725 WRITE 9101 Virtual Addr 8 909 Physical Addr 30 909
730 READ 3000 Virtual Addr 2 952 Physical Addr 11 952
740 WRITE 9201 Virtual Addr 8 1009 Physical Addr 30 1009
743 READ 3000 Virtual Addr 2 952 Physical Addr 11 952
746 WRITE 9301 Virtual Addr 9 85 Physical Addr 19 85
752 READ 3000 Virtual Addr 2 952 Physical Addr 11 952
762 WRITE 9401 Virtual Addr 9 185 Physical Addr 19 185
770 READ 3000 Virtual Addr 2 952 Physical Addr 11 952
777 WRITE 9501 Virtual Addr 9 285 Physical Addr 19 285
785 READ 3000 Virtual Addr 2 952 Physical Addr 11 952
790 WRITE 9601 Virtual Addr 9 385 Physical Addr 19 385
791 READ 3000 Virtual Addr 2 952 Physical Addr 11 952
801 WRITE 9701 Virtual Addr 9 485 Physical Addr 19 485
810 READ 3000 Virtual Addr 2 952 Physical Addr 11 952
813 WRITE 9801 Virtual Addr 9 585 Physical Addr 19 585
819 READ 3000 Virtual Addr 2 952 Physical Addr 11 952
820 WRITE 9901 Virtual Addr 9 685 Physical Addr 19 685
822 READ 3000 Virtual Addr 2 952 Physical Addr 11 952
826 WRITE 10001 Virtual Addr 9 785 Physical Addr 19 785
830 READ 3000 Virtual Addr 2 952 Physical Addr 11 952
839 WRITE 10101 Virtual Addr 9 885 Physical Addr 19 885
842 READ 3000 Virtual Addr 2 952 Physical Addr 11 952
852 WRITE 10201 Virtual Addr 9 985 Physical Addr 19 985
856 READ 3000 Virtual Addr 2 952 Physical Addr 11 952
861 WRITE 10301 Virtual Addr 10 61 Physical Addr 16 61
866 READ 3000 Virtual Addr 2 952 Physical Addr 11 952
867 WRITE 10401 Virtual Addr 10 161 Physical Addr 16 161
873 READ 3000 Virtual Addr 2 952 Physical Addr 11 952
882 WRITE 10501 Virtual Addr 10 261 Physical Addr 16 261
886 READ 3000 Virtual Addr 2 952 Physical Addr 11 952
891 WRITE 10601 Virtual Addr 10 361 Physical Addr 16 361
898 READ 3000 Virtual Addr 2 952 Physical Addr 11 952
908 WRITE 10701 Virtual Addr 10 461 Physical Addr 16 461
910 READ 3000 Virtual Addr 2 952 Physical Addr 11 952
916 WRITE 10801 Virtual Addr 10 561 Physical Addr 16 561
921 READ 3000 Virtual Addr 2 952 Physical Addr 11 952
927 WRITE 10901 Virtual Addr 10 661 Physical Addr 16 661
936 READ 3000 Virtual Addr 2 952 Physical Addr 11 952
937 WRITE 11001 Virtual Addr 10 761 Physical Addr 16 761
945 READ 3000 Virtual Addr 2 952 Physical Addr 11 952
951 WRITE 11101 Virtual Addr 10 861 Physical Addr 16 861
959 READ 3000 Virtual Addr 2 952 Physical Addr 11 952
969 WRITE 11201 Virtual Addr 10 961 Physical Addr 16 961
970 READ 3000 Virtual Addr 2 952 Physical Addr 11 952
979 WRITE 11301 Virtual Addr 11 37 Physical Addr 18 37
981 READ 3000 Virtual Addr 2 952 Physical Addr 11 952
988 WRITE 11401 Virtual Addr 11 137 Physical Addr 18 137
998 READ 3000 Virtual Addr 2 952 Physical Addr 11 952
1006 WRITE 11501 Virtual Addr 11 237 Physical Addr 18 237
1016 READ 3000 Virtual Addr 2 952 Physical Addr 11 952
1019 WRITE 11601 Virtual Addr 11 337 Physical Addr 18 337
1021 READ 3000 Virtual Addr 2 952 Physical Addr 11 952
1026 WRITE 11701 Virtual Addr 11 437 Physical Addr 18 437
1033 READ 3000 Virtual Addr 2 952 Physical Addr 11 952
1043 WRITE 11801 Virtual Addr 11 537 Physical Addr 18 537
1048 READ 3000 Virtual Addr 2 952 Physical Addr 11 952
1056 WRITE 11901 Virtual Addr 11 637 Physical Addr 18 637
1064 READ 3000 Virtual Addr 2 952 Physical Addr 11 952
1073 WRITE 12001 Virtual Addr 11 737 Physical Addr 18 737
1075 READ 3000 Virtual Addr 2 952 Physical Addr 11 952
1078 WRITE 12101 Virtual Addr 11 837 Physical Addr 18 837
1084 READ 3000 Virtual Addr 2 952 Physical Addr 11 952
1089 WRITE 12201 Virtual Addr 11 937 Physical Addr 18 937
1092 READ 3000 Virtual Addr 2 952 Physical Addr 11 952
1101 WRITE 12301 Virtual Addr 12 13 Physical Addr 2 13
1110 READ 3000 Virtual Addr 2 952 Physical Addr 11 952
1114 WRITE 12401 Virtual Addr 12 113 Physical Addr 2 113
1118 READ 3000 Virtual Addr 2 952 Physical Addr 11 952
1125 WRITE 12501 Virtual Addr 12 213 Physical Addr 2 213
1126 READ 3000 Virtual Addr 2 952 Physical Addr 11 952
1132 WRITE 12601 Virtual Addr 12 313 Physical Addr 2 313
1135 READ 3000 Virtual Addr 2 952 Physical Addr 11 952
1138 WRITE 12701 Virtual Addr 12 413 Physical Addr 2 413
1146 READ 3000 Virtual Addr 2 952 Physical Addr 11 952
1151 WRITE 12801 Virtual Addr 12 513 Physical Addr 2 513
1153 READ 3000 Virtual Addr 2 952 Physical Addr 11 952
1156 WRITE 12901 Virtual Addr 12 613 Physical Addr 2 613
1156 Completed WRITESEQ Num 100 CdAdr 3000 DtAdr 3001 Inc 100
1156 -------------------------------------
1156 ------------------------------------
1156 Final statistics:
1156      Total memory accesses   : 202
1156      Total address violations: 0
1156      Total page faults       : 0
