65 READ 500 Virtual Addr 0 500 Physical Addr 20 500
66 WRITE 1500 Virtual Addr 1 476 Physical Addr 14 476
66 -------------------------------------
66 Running WRITESEQ Num 100 CdAdr 3000 DtAdr 3001 Inc 100
72 READ 3000 Virtual Addr 2 952 Physical Addr 11 952
73 WRITE 3001 Virtual Addr 2 953 Physical Addr 11 953
75 READ 3000 Virtual Addr 2 952 Physical Addr 11 952
78 WRITE 3101 Virtual Addr 3 29 Physical Addr 24 29
81 READ 3000 Virtual Addr 2 952 Physical Addr 11 952
87 WRITE 3201 Virtual Addr 3 129 Physical Addr 24 129
95 READ 3000 Virtual Addr 2 952 Physical Addr 11 952
105 WRITE 3301 Virtual Addr 3 229 Physical Addr 24 229
107 READ 3000 Virtual Addr 2 952 Physical Addr 11 952
116 WRITE 3401 Virtual Addr 3 329 Physical Addr 24 329
123 READ 3000 Virtual Addr 2 952 Physical Addr 11 952
130 WRITE 3501 Virtual Addr 3 429 Physical Addr 24 429
131 READ 3000 Virtual Addr 2 952 Physical Addr 11 952
138 WRITE 3601 Virtual Addr 3 529 Physical Addr 24 529
145 READ 3000 Virtual Addr 2 952 Physical Addr 11 952
148 WRITE 3701 Virtual Addr 3 629 Physical Addr 24 629
158 READ 3000 Virtual Addr 2 952 Physical Addr 11 952
165 WRITE 3801 Virtual Addr 3 729 Physical Addr 24 729
168 READ 3000 Virtual Addr 2 952 Physical Addr 11 952
176 WRITE 3901 Virtual Addr 3 829 Physical Addr 24 829
184 READ 3000 Virtual Addr 2 952 Physical Addr 11 952
192 WRITE 4001 Virtual Addr 3 929 Physical Addr 24 929
202 READ 3000 Virtual Addr 2 952 Physical Addr 11 952
204 WRITE 4101 Virtual Addr 4 5 Physical Addr 22 5
209 READ 3000 Virtual Addr 2 952 Physical Addr 11 952
219 WRITE 4201 Virtual Addr 4 105 Physical Addr 22 105
222 READ 3000 Virtual Addr 2 952 Physical Addr 11 952
224 WRITE 4301 Virtual Addr 4 205 Physical Addr 22 205
230 READ 3000 Virtual Addr 2 952 Physical Addr 11 952
235 WRITE 4401 Virtual Addr 4 305 Physical Addr 22 305
236 READ 3000 Virtual Addr 2 952 Physical Addr 11 952
246 WRITE 4501 Virtual Addr 4 405 Physical Addr 22 405
254 READ 3000 Virtual Addr 2 952 Physical Addr 11 952
258 WRITE 4601 Virtual Addr 4 505 Physical Addr 22 505
260 READ 3000 Virtual Addr 2 952 Physical Addr 11 952
265 WRITE 4701 Virtual Addr 4 605 Physical Addr 22 605
275 READ 3000 Virtual Addr 2 952 Physical Addr 11 952
277 WRITE 4801 Virtual Addr 4 705 Physical Addr 22 705
283 READ 3000 Virtual Addr 2 952 Physical Addr 11 952
290 WRITE 4901 Virtual Addr 4 805 Physical Addr 22 805
300 READ 3000 Virtual Addr 2 952 Physical Addr 11 952
308 WRITE 5001 Virtual Addr 4 905 Physical Addr 22 905
312 READ 3000 Virtual Addr 2 952 Physical Addr 11 952
316 WRITE 5101 Virtual Addr 4 1005 Physical Addr 22 1005
323 READ 3000 Virtual Addr 2 952 Physical Addr 11 952
326 WRITE 5201 Virtual Addr 5 81 Physical Addr 0 81
329 READ 3000 Virtual Addr 2 952 Physical Addr 11 952
336 WRITE 5301 Virtual Addr 5 181 Physical Addr 0 181
343 READ 3000 Virtual Addr 2 952 Physical Addr 11 952
344 WRITE 5401 Virtual Addr 5 281 Physical Addr 0 281
350 READ 3000 Virtual Addr 2 952 Physical Addr 11 952
360 WRITE 5501 Virtual Addr 5 381 Physical Addr 0 381
367 READ 3000 Virtual Addr 2 952 Physical Addr 11 952
372 WRITE 5601 Virtual Addr 5 481 Physical Addr 0 481
373 READ 3000 Virtual Addr 2 952 Physical Addr 11 952
376 WRITE 5701 Virtual Addr 5 581 Physical Addr 0 581
379 READ 3000 Virtual Addr 2 952 Physical Addr 11 952
382 WRITE 5801 Virtual Addr 5 681 Physical Addr 0 681
383 READ 3000 Virtual Addr 2 952 Physical Addr 11 952
393 WRITE 5901 Virtual Addr 5 781 Physical Addr 0 781
400 READ 3000 Virtual Addr 2 952 Physical Addr 11 952
402 WRITE 6001 Virtual Addr 5 881 Physical Addr 0 881
412 READ 3000 Virtual Addr 2 952 Physical Addr 11 952
419 WRITE 6101 Virtual Addr 5 981 Physical Addr 0 981
427 READ 3000 Virtual Addr 2 952 Physical Addr 11 952
435 WRITE 6201 Virtual Addr 6 57 Physical Addr 1 57
442 READ 3000 Virtual Addr 2 952 Physical Addr 11 952
451 WRITE 6301 Virtual Addr 6 157 Physical Addr 1 157
456 READ 3000 Virtual Addr 2 952 Physical Addr 11 952
459 WRITE 6401 Virtual Addr 6 257 Physical Addr 1 257
463 READ 3000 Virtual Addr 2 952 Physical Addr 11 952
466 WRITE 6501 Virtual Addr 6 357 Physical Addr 1 357
473 READ 3000 Virtual Addr 2 952 Physical Addr 11 952
474 WRITE 6601 Virtual Addr 6 457 Physical Addr 1 457
483 READ 3000 Virtual Addr 2 952 Physical Addr 11 952
488 WRITE 6701 Virtual Addr 6 557 Physical Addr 1 557
492 READ 3000 Virtual Addr 2 952 Physical Addr 11 952
496 WRITE 6801 Virtual Addr 6 657 Physical Addr 1 657
503 READ 3000 Virtual Addr 2 952 Physical Addr 11 952
505 WRITE 6901 Virtual Addr 6 757 Physical Addr 1 757
514 READ 3000 Virtual Addr 2 952 Physical Addr 11 952
519 WRITE 7001 Virtual Addr 6 857 Physical Addr 1 857
527 READ 3000 Virtual Addr 2 952 Physical Addr 11 952
536 WRITE 7101 Virtual Addr 6 957 Physical Addr 1 957
540 READ 3000 Virtual Addr 2 952 Physical Addr 11 952
543 WRITE 7201 Virtual Addr 7 33 Physical Addr 31 33
552 READ 3000 Virtual Addr 2 952 Physical Addr 11 952
557 WRITE 7301 Virtual Addr 7 133 Physical Addr 31 133
559 READ 3000 Virtual Addr 2 952 Physical Addr 11 952
564 WRITE 7401 Virtual Addr 7 233 Physical Addr 31 233
568 READ 3000 Virtual Addr 2 952 Physical Addr 11 952
571 WRITE 7501 Virtual Addr 7 333 Physical Addr 31 333
580 READ 3000 Virtual Addr 2 952 Physical Addr 11 952
587 WRITE 7601 Virtual Addr 7 433 Physical Addr 31 433
589 READ 3000 Virtual Addr 2 952 Physical Addr 11 952
595 WRITE 7701 Virtual Addr 7 533 Physical Addr 31 533
605 READ 3000 Virtual Addr 2 952 Physical Addr 11 952
607 WRITE 7801 Virtual Addr 7 633 Physical Addr 31 633
616 READ 3000 Virtual Addr 2 952 Physical Addr 11 952
623 WRITE 7901 Virtual Addr 7 733 Physical Addr 31 733
625 READ 3000 Virtual Addr 2 952 Physical Addr 11 952
635 WRITE 8001 Virtual Addr 7 833 Physical Addr 31 833
645 READ 3000 Virtual Addr 2 952 Physical Addr 11 952
649 WRITE 8101 Virtual Addr 7 933 Physical Addr 31 933
656 READ 3000 Virtual Addr 2 952 Physical Addr 11 952
660 Page Fault accessing 8201 (Total so far 1)
660 Replace Page (CLOCK) replaced page 0 with 8 in frame 20
660 WRITE 8201 Virtual Addr 8 9 Physical Addr 20 9
664 READ 3000 Virtual Addr 2 952 Physical Addr 11 952
668 WRITE 8301 Virtual Addr 8 109 Physical Addr 20 109
673 READ 3000 Virtual Addr 2 952 Physical Addr 11 952
682 WRITE 8401 Virtual Addr 8 209 Physical Addr 20 209
692 READ 3000 Virtual Addr 2 952 Physical Addr 11 952
696 WRITE 8501 Virtual Addr 8 309 Physical Addr 20 309
699 READ 3000 Virtual Addr 2 952 Physical Addr 11 952
706 WRITE 8601 Virtual Addr 8 409 Physical Addr 20 409
707 READ 3000 Virtual Addr 2 952 Physical Addr 11 952
712 WRITE 8701 Virtual Addr 8 509 Physical Addr 20 509
713 READ 3000 Virtual Addr 2 952 Physical Addr 11 952
716 WRITE 8801 Virtual Addr 8 609 Physical Addr 20 609
724 READ 3000 Virtual Addr 2 952 Physical Addr 11 952
734 WRITE 8901 Virtual Addr 8 709 Physical Addr 20 709
735 READ 3000 Virtual Addr 2 952 Physical Addr 11 952
737 WRITE 9001 Virtual Addr 8 809 Physical Addr 20 809
743 READ 3000 Virtual Addr 2 952 Physical Addr 11 952
752 WRITE 9101 Virtual Addr 8 909 Physical Addr 20 909
753 READ 3000 Virtual Addr 2 952 Physical Addr 11 952
758 WRITE 9201 Virtual Addr 8 1009 Physical Addr 20 1009
765 READ 3000 Virtual Addr 2 952 Physical Addr 11 952
774 Page Fault accessing 9301 (Total so far 2)
774 Replace Page (CLOCK) replaced page 1 with 9 in frame 14
774 WRITE 9301 Virtual Addr 9 85 Physical Addr 14 85
783 READ 3000 Virtual Addr 2 952 Physical Addr 11 952
784 WRITE 9401 Virtual Addr 9 185 Physical Addr 14 185
791 READ 3000 Virtual Addr 2 952 Physical Addr 11 952
801 WRITE 9501 Virtual Addr 9 285 Physical Addr 14 285
805 READ 3000 Virtual Addr 2 952 Physical Addr 11 952
811 WRITE 9601 Virtual Addr 9 385 Physical Addr 14 385
817 READ 3000 Virtual Addr 2 952 Physical Addr 11 952
818 WRITE 9701 Virtual Addr 9 485 Physical Addr 14 485
826 READ 3000 Virtual Addr 2 952 Physical Addr 11 952
829 WRITE 9801 Virtual Addr 9 585 Physical Addr 14 585
838 READ 3000 Virtual Addr 2 952 Physical Addr 11 952
846 WRITE 9901 Virtual Addr 9 685 Physical Addr 14 685
847 READ 3000 Virtual Addr 2 952 Physical Addr 11 952
849 WRITE 10001 Virtual Addr 9 785 Physical Addr 14 785
851 READ 3000 Virtual Addr 2 952 Physical Addr 11 952
853 WRITE 10101 Virtual Addr 9 885 Physical Addr 14 885
863 READ 3000 Virtual Addr 2 952 Physical Addr 11 952
869 WRITE 10201 Virtual Addr 9 985 Physical Addr 14 985
875 READ 3000 Virtual Addr 2 952 Physical Addr 11 952
876 Page Fault accessing 10301 (Total so far 3)
876 Replace Page (CLOCK) replaced page 3 with 10 in frame 24
876 WRITE 10301 Virtual Addr 10 61 Physical Addr 24 61
886 READ 3000 Virtual Addr 2 952 Physical Addr 11 952
890 WRITE 10401 Virtual Addr 10 161 Physical Addr 24 161
895 READ 3000 Virtual Addr 2 952 Physical Addr 11 952
901 WRITE 10501 Virtual Addr 10 261 Physical Addr 24 261
905 READ 3000 Virtual Addr 2 952 Physical Addr 11 952
909 WRITE 10601 Virtual Addr 10 361 Physical Addr 24 361
919 READ 3000 Virtual Addr 2 952 Physical Addr 11 952
921 WRITE 10701 Virtual Addr 10 461 Physical Addr 24 461
925 READ 3000 Virtual Addr 2 952 Physical Addr 11 952
926 WRITE 10801 Virtual Addr 10 561 Physical Addr 24 561
930 READ 3000 Virtual Addr 2 952 Physical Addr 11 952
934 WRITE 10901 Virtual Addr 10 661 Physical Addr 24 661
940 READ 3000 Virtual Addr 2 952 Physical Addr 11 952
944 WRITE 11001 Virtual Addr 10 761 Physical Addr 24 761
946 READ 3000 Virtual Addr 2 952 Physical Addr 11 952
947 WRITE 11101 Virtual Addr 10 861 Physical Addr 24 861
948 READ 3000 Virtual Addr 2 952 Physical Addr 11 952
956 WRITE 11201 Virtual Addr 10 961 Physical Addr 24 961
960 READ 3000 Virtual Addr 2 952 Physical Addr 11 952
962 Page Fault accessing 11301 (Total so far 4)
962 Replace Page (CLOCK) replaced page 4 with 11 in frame 22
962 WRITE 11301 Virtual Addr 11 37 Physical Addr 22 37
971 READ 3000 Virtual Addr 2 952 Physical Addr 11 952
977 WRITE 11401 Virtual Addr 11 137 Physical Addr 22 137
984 READ 3000 Virtual Addr 2 952 Physical Addr 11 952
986 WRITE 11501 Virtual Addr 11 237 Physical Addr 22 237
988 READ 3000 Virtual Addr 2 952 Physical Addr 11 952
996 WRITE 11601 Virtual Addr 11 337 Physical Addr 22 337
1006 READ 3000 Virtual Addr 2 952 Physical Addr 11 952
1009 WRITE 11701 Virtual Addr 11 437 Physical Addr 22 437
1015 READ 3000 Virtual Addr 2 952 Physical Addr 11 952
1025 WRITE 11801 Virtual Addr 11 537 Physical Addr 22 537
1027 READ 3000 Virtual Addr 2 952 Physical Addr 11 952
1029 WRITE 11901 Virtual Addr 11 637 Physical Addr 22 637
1030 READ 3000 Virtual Addr 2 952 Physical Addr 11 952
1037 WRITE 12001 Virtual Addr 11 737 Physical Addr 22 737
1047 READ 3000 Virtual Addr 2 952 Physical Addr 11 952
1050 WRITE 12101 Virtual Addr 11 837 Physical Addr 22 837
1055 READ 3000 Virtual Addr 2 952 Physical Addr 11 952
1057 WRITE 12201 Virtual Addr 11 937 Physical Addr 22 937
1066 READ 3000 Virtual Addr 2 952 Physical Addr 11 952
1069 Page Fault accessing 12301 (Total so far 5)
1069 Replace Page (CLOCK) replaced page 5 with 12 in frame 0
1069 WRITE 12301 Virtual Addr 12 13 Physical Addr 0 13
1078 READ 3000 Virtual Addr 2 952 Physical Addr 11 952
1088 WRITE 12401 Virtual Addr 12 113 Physical Addr 0 113
1090 READ 3000 Virtual Addr 2 952 Physical Addr 11 952
1099 WRITE 12501 Virtual Addr 12 213 Physical Addr 0 213
1106 READ 3000 Virtual Addr 2 952 Physical Addr 11 952
1114 WRITE 12601 Virtual Addr 12 313 Physical Addr 0 313
1121 READ 3000 Virtual Addr 2 952 Physical Addr 11 952
1127 WRITE 12701 Virtual Addr 12 413 Physical Addr 0 413
1132 READ 3000 Virtual Addr 2 952 Physical Addr 11 952
1137 WRITE 12801 Virtual Addr 12 513 Physical Addr 0 513
1147 READ 3000 Virtual Addr 2 952 Physical Addr 11 952
1157 WRITE 12901 Virtual Addr 12 613 Physical Addr 0 613
1157 Completed WRITESEQ Num 100 CdAdr 3000 DtAdr 3001 Inc 100
1157 -------------------------------------
1157 ------------------------------------
1157 Final statistics:
1157      Total memory accesses   : 202
1157      Total address violations: 0
1157      Total page faults       : 5
