59 READ 500 Virtual Addr 0 500 Physical Addr 20 500
68 WRITE 1500 Virtual Addr 1 476 Physical Addr 14 476
68 -------------------------------------
68 Running WRITESEQ Num 100 CdAdr 3000 DtAdr 3001 Inc 100
71 READ 3000 Virtual Addr 2 952 Physical Addr 11 952
76 WRITE 3001 Virtual Addr 2 953 Physical Addr 11 953
82 READ 3000 Virtual Addr 2 952 Physical Addr 11 952
91 WRITE 3101 Virtual Addr 3 29 Physical Addr 24 29
94 READ 3000 Virtual Addr 2 952 Physical Addr 11 952
95 WRITE 3201 Virtual Addr 3 129 Physical Addr 24 129
100 READ 3000 Virtual Addr 2 952 Physical Addr 11 952
101 WRITE 3301 Virtual Addr 3 229 Physical Addr 24 229
108 READ 3000 Virtual Addr 2 952 Physical Addr 11 952
118 WRITE 3401 Virtual Addr 3 329 Physical Addr 24 329
122 READ 3000 Virtual Addr 2 952 Physical Addr 11 952
127 WRITE 3501 Virtual Addr 3 429 Physical Addr 24 429
130 READ 3000 Virtual Addr 2 952 Physical Addr 11 952
135 WRITE 3601 Virtual Addr 3 529 Physical Addr 24 529
138 READ 3000 Virtual Addr 2 952 Physical Addr 11 952
142 WRITE 3701 Virtual Addr 3 629 Physical Addr 24 629
149 READ 3000 Virtual Addr 2 952 Physical Addr 11 952
156 WRITE 3801 Virtual Addr 3 729 Physical Addr 24 729
157 READ 3000 Virtual Addr 2 952 Physical Addr 11 952
161 WRITE 3901 Virtual Addr 3 829 Physical Addr 24 829
171 READ 3000 Virtual Addr 2 952 Physical Addr 11 952
174 WRITE 4001 Virtual Addr 3 929 Physical Addr 24 929
175 READ 3000 Virtual Addr 2 952 Physical Addr 11 952
178 WRITE 4101 Virtual Addr 4 5 Physical Addr 22 5
181 READ 3000 Virtual Addr 2 952 Physical Addr 11 952
190 WRITE 4201 Virtual Addr 4 105 Physical Addr 22 105
195 READ 3000 Virtual Addr 2 952 Physical Addr 11 952
204 WRITE 4301 Virtual Addr 4 205 Physical Addr 22 205
214 READ 3000 Virtual Addr 2 952 Physical Addr 11 952
219 WRITE 4401 Virtual Addr 4 305 Physical Addr 22 305
228 READ 3000 Virtual Addr 2 952 Physical Addr 11 952
238 WRITE 4501 Virtual Addr 4 405 Physical Addr 22 405
240 READ 3000 Virtual Addr 2 952 Physical Addr 11 952
246 WRITE 4601 Virtual Addr 4 505 Physical Addr 22 505
248 READ 3000 Virtual Addr 2 952 Physical Addr 11 952
255 WRITE 4701 Virtual Addr 4 605 Physical Addr 22 605
265 READ 3000 Virtual Addr 2 952 Physical Addr 11 952
272 WRITE 4801 Virtual Addr 4 705 Physical Addr 22 705
275 READ 3000 Virtual Addr 2 952 Physical Addr 11 952
280 WRITE 4901 Virtual Addr 4 805 Physical Addr 22 805
281 READ 3000 Virtual Addr 2 952 Physical Addr 11 952
285 WRITE 5001 Virtual Addr 4 905 Physical Addr 22 905
288 READ 3000 Virtual Addr 2 952 Physical Addr 11 952
292 WRITE 5101 Virtual Addr 4 1005 Physical Addr 22 1005
302 READ 3000 Virtual Addr 2 952 Physical Addr 11 952
311 WRITE 5201 Virtual Addr 5 81 Physical Addr 0 81
320 READ 3000 Virtual Addr 2 952 Physical Addr 11 952
330 WRITE 5301 Virtual Addr 5 181 Physical Addr 0 181
331 READ 3000 Virtual Addr 2 952 Physical Addr 11 952
341 WRITE 5401 Virtual Addr 5 281 Physical Addr 0 281
344 READ 3000 Virtual Addr 2 952 Physical Addr 11 952
347 WRITE 5501 Virtual Addr 5 381 Physical Addr 0 381
357 READ 3000 Virtual Addr 2 952 Physical Addr 11 952
367 WRITE 5601 Virtual Addr 5 481 Physical Addr 0 481
368 READ 3000 Virtual Addr 2 952 Physical Addr 11 952
377 WRITE 5701 Virtual Addr 5 581 Physical Addr 0 581
385 READ 3000 Virtual Addr 2 952 Physical Addr 11 952
394 WRITE 5801 Virtual Addr 5 681 Physical Addr 0 681
402 READ 3000 Virtual Addr 2 952 Physical Addr 11 952
405 WRITE 5901 Virtual Addr 5 781 Physical Addr 0 781
411 READ 3000 Virtual Addr 2 952 Physical Addr 11 952
420 WRITE 6001 Virtual Addr 5 881 Physical Addr 0 881
426 READ 3000 Virtual Addr 2 952 Physical Addr 11 952
431 WRITE 6101 Virtual Addr 5 981 Physical Addr 0 981
435 READ 3000 Virtual Addr 2 952 Physical Addr 11 952
442 WRITE 6201 Virtual Addr 6 57 Physical Addr 1 57
451 READ 3000 Virtual Addr 2 952 Physical Addr 11 952
459 WRITE 6301 Virtual Addr 6 157 Physical Addr 1 157
460 READ 3000 Virtual Addr 2 952 Physical Addr 11 952
470 WRITE 6401 Virtual Addr 6 257 Physical Addr 1 257
480 READ 3000 Virtual Addr 2 952 Physical Addr 11 952
490 WRITE 6501 Virtual Addr 6 357 Physical Addr 1 357
500 READ 3000 Virtual Addr 2 952 Physical Addr 11 952
510 WRITE 6601 Virtual Addr 6 457 Physical Addr 1 457
513 READ 3000 Virtual Addr 2 952 Physical Addr 11 952
522 WRITE 6701 Virtual Addr 6 557 Physical Addr 1 557
523 READ 3000 Virtual Addr 2 952 Physical Addr 11 952
528 WRITE 6801 Virtual Addr 6 657 Physical Addr 1 657
534 READ 3000 Virtual Addr 2 952 Physical Addr 11 952
544 WRITE 6901 Virtual Addr 6 757 Physical Addr 1 757
550 READ 3000 Virtual Addr 2 952 Physical Addr 11 952
553 WRITE 7001 Virtual Addr 6 857 Physical Addr 1 857
558 READ 3000 Virtual Addr 2 952 Physical Addr 11 952
562 WRITE 7101 Virtual Addr 6 957 Physical Addr 1 957
563 READ 3000 Virtual Addr 2 952 Physical Addr 11 952
573 WRITE 7201 Virtual Addr 7 33 Physical Addr 31 33
574 READ 3000 Virtual Addr 2 952 Physical Addr 11 952
579 WRITE 7301 Virtual Addr 7 133 Physical Addr 31 133
589 READ 3000 Virtual Addr 2 952 Physical Addr 11 952
598 WRITE 7401 Virtual Addr 7 233 Physical Addr 31 233
607 READ 3000 Virtual Addr 2 952 Physical Addr 11 952
608 WRITE 7501 Virtual Addr 7 333 Physical Addr 31 333
610 READ 3000 Virtual Addr 2 952 Physical Addr 11 952
617 WRITE 7601 Virtual Addr 7 433 Physical Addr 31 433
620 READ 3000 Virtual Addr 2 952 Physical Addr 11 952
628 WRITE 7701 Virtual Addr 7 533 Physical Addr 31 533
633 READ 3000 Virtual Addr 2 952 Physical Addr 11 952
637 WRITE 7801 Virtual Addr 7 633 Physical Addr 31 633
644 READ 3000 Virtual Addr 2 952 Physical Addr 11 952
649 WRITE 7901 Virtual Addr 7 733 Physical Addr 31 733
653 READ 3000 Virtual Addr 2 952 Physical Addr 11 952
663 WRITE 8001 Virtual Addr 7 833 Physical Addr 31 833
667 READ 3000 Virtual Addr 2 952 Physical Addr 11 952
672 WRITE 8101 Virtual Addr 7 933 Physical Addr 31 933
675 READ 3000 Virtual Addr 2 952 Physical Addr 11 952
679 WRITE 8201 Virtual Addr 8 9 Physical Addr 30 9
685 READ 3000 Virtual Addr 2 952 Physical Addr 11 952
689 WRITE 8301 Virtual Addr 8 109 Physical Addr 30 109
696 READ 3000 Virtual Addr 2 952 Physical Addr 11 952
704 WRITE 8401 Virtual Addr 8 209 Physical Addr 30 209
714 READ 3000 Virtual Addr 2 952 Physical Addr 11 952
723 WRITE 8501 Virtual Addr 8 309 Physical Addr 30 309
726 READ 3000 Virtual Addr 2 952 Physical Addr 11 952
729 WRITE 8601 Virtual Addr 8 409 Physical Addr 30 409
739 READ 3000 Virtual Addr 2 952 Physical Addr 11 952
746 WRITE 8701 Virtual Addr 8 509 Physical Addr 30 509
751 READ 3000 Virtual Addr 2 952 Physical Addr 11 952
761 WRITE 8801 Virtual Addr 8 609 Physical Addr 30 609
767 READ 3000 Virtual Addr 2 952 Physical Addr 11 952
768 WRITE 8901 Virtual Addr 8 709 Physical Addr 30 709
776 READ 3000 Virtual Addr 2 952 Physical Addr 11 952
785 WRITE 9001 Virtual Addr 8 809 Physical Addr 30 809
792 READ 3000 Virtual Addr 2 952 Physical Addr 11 952
801 WRITE 9101 Virtual Addr 8 909 Physical Addr 30 909
810 READ 3000 Virtual Addr 2 952 Physical Addr 11 952
815 WRITE 9201 Virtual Addr 8 1009 Physical Addr 30 1009
817 READ 3000 Virtual Addr 2 952 Physical Addr 11 952
819 WRITE 9301 Virtual Addr 9 85 Physical Addr 19 85
820 READ 3000 Virtual Addr 2 952 Physical Addr 11 952
828 WRITE 9401 Virtual Addr 9 185 Physical Addr 19 185
829 READ 3000 Virtual Addr 2 952 Physical Addr 11 952
837 WRITE 9501 Virtual Addr 9 285 Physical Addr 19 285
843 READ 3000 Virtual Addr 2 952 Physical Addr 11 952
847 WRITE 9601 Virtual Addr 9 385 Physical Addr 19 385
856 READ 3000 Virtual Addr 2 952 Physical Addr 11 952
864 WRITE 9701 Virtual Addr 9 485 Physical Addr 19 485
867 READ 3000 Virtual Addr 2 952 Physical Addr 11 952
877 WRITE 9801 Virtual Addr 9 585 Physical Addr 19 585
886 READ 3000 Virtual Addr 2 952 Physical Addr 11 952
887 WRITE 9901 Virtual Addr 9 685 Physical Addr 19 685
892 READ 3000 Virtual Addr 2 952 Physical Addr 11 952
894 WRITE 10001 Virtual Addr 9 785 Physical Addr 19 785
901 READ 3000 Virtual Addr 2 952 Physical Addr 11 952
909 WRITE 10101 Virtual Addr 9 885 Physical Addr 19 885
911 READ 3000 Virtual Addr 2 952 Physical Addr 11 952
915 WRITE 10201 Virtual Addr 9 985 Physical Addr 19 985
918 READ 3000 Virtual Addr 2 952 Physical Addr 11 952
921 WRITE 10301 Virtual Addr 10 61 Physical Addr 16 61
923 READ 3000 Virtual Addr 2 952 Physical Addr 11 952
932 WRITE 10401 Virtual Addr 10 161 Physical Addr 16 161
934 READ 3000 Virtual Addr 2 952 Physical Addr 11 952
943 WRITE 10501 Virtual Addr 10 261 Physical Addr 16 261
945 READ 3000 Virtual Addr 2 952 Physical Addr 11 952
948 WRITE 10601 Virtual Addr 10 361 Physical Addr 16 361
956 READ 3000 Virtual Addr 2 952 Physical Addr 11 952
958 WRITE 10701 Virtual Addr 10 461 Physical Addr 16 461
967 READ 3000 Virtual Addr 2 952 Physical Addr 11 952
973 WRITE 10801 Virtual Addr 10 561 Physical Addr 16 561
976 READ 3000 Virtual Addr 2 952 Physical Addr 11 952
979 WRITE 10901 Virtual Addr 10 661 Physical Addr 16 661
980 READ 3000 Virtual Addr 2 952 Physical Addr 11 952
986 WRITE 11001 Virtual Addr 10 761 Physical Addr 16 761
987 READ 3000 Virtual Addr 2 952 Physical Addr 11 952
997 WRITE 11101 Virtual Addr 10 861 Physical Addr 16 861
1006 READ 3000 Virtual Addr 2 952 Physical Addr 11 952
1013 WRITE 11201 Virtual Addr 10 961 Physical Addr 16 961
1019 READ 3000 Virtual Addr 2 952 Physical Addr 11 952
1025 WRITE 11301 Virtual Addr 11 37 Physical Addr 18 37
1027 READ 3000 Virtual Addr 2 952 Physical Addr 11 952
1028 WRITE 11401 Virtual Addr 11 137 Physical Addr 18 137
1037 READ 3000 Virtual Addr 2 952 Physical Addr 11 952
1043 WRITE 11501 Virtual Addr 11 237 Physical Addr 18 237
1050 READ 3000 Virtual Addr 2 952 Physical Addr 11 952
1051 WRITE 11601 Virtual Addr 11 337 Physical Addr 18 337
1059 READ 3000 Virtual Addr 2 952 Physical Addr 11 952
1068 WRITE 11701 Virtual Addr 11 437 Physical Addr 18 437
1076 READ 3000 Virtual Addr 2 952 Physical Addr 11 952
1077 WRITE 11801 Virtual Addr 11 537 Physical Addr 18 537
1084 READ 3000 Virtual Addr 2 952 Physical Addr 11 952
1092 WRITE 11901 Virtual Addr 11 637 Physical Addr 18 637
1097 READ 3000 Virtual Addr 2 952 Physical Addr 11 952
1101 WRITE 12001 Virtual Addr 11 737 Physical Addr 18 737
1103 READ 3000 Virtual Addr 2 952 Physical Addr 11 952
1113 WRITE 12101 Virtual Addr 11 837 Physical Addr 18 837
1121 READ 3000 Virtual Addr 2 952 Physical Addr 11 952
1124 WRITE 12201 Virtual Addr 11 937 Physical Addr 18 937
1128 READ 3000 Virtual Addr 2 952 Physical Addr 11 952
1136 Page Fault accessing 12301 (Total so far 1)
1136 Replace Page (CLOCK) replaced page 0 with 12 in frame 20
1136 WRITE 12301 Virtual Addr 12 13 Physical Addr 20 13
1141 READ 3000 Virtual Addr 2 952 Physical Addr 11 952
1148 WRITE 12401 Virtual Addr 12 113 Physical Addr 20 113
1155 READ 3000 Virtual Addr 2 952 Physical Addr 11 952
1160 WRITE 12501 Virtual Addr 12 213 Physical Addr 20 213
1165 READ 3000 Virtual Addr 2 952 Physical Addr 11 952
1175 WRITE 12601 Virtual Addr 12 313 Physical Addr 20 313
1177 READ 3000 Virtual Addr 2 952 Physical Addr 11 952
1186 WRITE 12701 Virtual Addr 12 413 Physical Addr 20 413
1193 READ 3000 Virtual Addr 2 952 Physical Addr 11 952
1202 WRITE 12801 Virtual Addr 12 513 Physical Addr 20 513
1205 READ 3000 Virtual Addr 2 952 Physical Addr 11 952
1206 WRITE 12901 Virtual Addr 12 613 Physical Addr 20 613
1206 Completed WRITESEQ Num 100 CdAdr 3000 DtAdr 3001 Inc 100
1206 -------------------------------------
1206 ------------------------------------
1206 Final statistics:
1206      Total memory accesses   : 202
1206      Total address violations: 0
1206      Total page faults       : 1
